
> web@0.1.0 build
> next build

  ▲ Next.js 14.2.31

   Creating an optimized production build ...
 ✓ Compiled successfully
   Linting and checking validity of types ...
   Collecting page data ...
   Generating static pages (0/5) ...
TypeError: Cannot read properties of null (reading 'useContext')
    at exports.useContext (/Users/kirandevihosur/Finance_Frontend/node_modules/react/cjs/react.production.js:488:33)
    at StyleRegistry (/Users/kirandevihosur/Finance_Frontend/node_modules/styled-jsx/dist/index/index.js:450:30)
    at Wc (/Users/kirandevihosur/Finance_Frontend/apps/web/node_modules/react-dom/cjs/react-dom-server.browser.production.min.js:68:44)
    at Zc (/Users/kirandevihosur/Finance_Frontend/apps/web/node_modules/react-dom/cjs/react-dom-server.browser.production.min.js:70:253)
    at Z (/Users/kirandevihosur/Finance_Frontend/apps/web/node_modules/react-dom/cjs/react-dom-server.browser.production.min.js:76:89)
    at Zc (/Users/kirandevihosur/Finance_Frontend/apps/web/node_modules/react-dom/cjs/react-dom-server.browser.production.min.js:74:209)
    at Z (/Users/kirandevihosur/Finance_Frontend/apps/web/node_modules/react-dom/cjs/react-dom-server.browser.production.min.js:76:89)
    at Zc (/Users/kirandevihosur/Finance_Frontend/apps/web/node_modules/react-dom/cjs/react-dom-server.browser.production.min.js:74:209)
    at Z (/Users/kirandevihosur/Finance_Frontend/apps/web/node_modules/react-dom/cjs/react-dom-server.browser.production.min.js:76:89)
    at Zc (/Users/kirandevihosur/Finance_Frontend/apps/web/node_modules/react-dom/cjs/react-dom-server.browser.production.min.js:74:209)

Error occurred prerendering page "/404". Read more: https://nextjs.org/docs/messages/prerender-error

TypeError: Cannot read properties of null (reading 'useContext')
    at exports.useContext (/Users/kirandevihosur/Finance_Frontend/node_modules/react/cjs/react.production.js:488:33)
    at StyleRegistry (/Users/kirandevihosur/Finance_Frontend/node_modules/styled-jsx/dist/index/index.js:450:30)
    at Wc (/Users/kirandevihosur/Finance_Frontend/apps/web/node_modules/react-dom/cjs/react-dom-server.browser.production.min.js:68:44)
    at Zc (/Users/kirandevihosur/Finance_Frontend/apps/web/node_modules/react-dom/cjs/react-dom-server.browser.production.min.js:70:253)
    at Z (/Users/kirandevihosur/Finance_Frontend/apps/web/node_modules/react-dom/cjs/react-dom-server.browser.production.min.js:76:89)
    at Zc (/Users/kirandevihosur/Finance_Frontend/apps/web/node_modules/react-dom/cjs/react-dom-server.browser.production.min.js:74:209)
    at Z (/Users/kirandevihosur/Finance_Frontend/apps/web/node_modules/react-dom/cjs/react-dom-server.browser.production.min.js:76:89)
    at Zc (/Users/kirandevihosur/Finance_Frontend/apps/web/node_modules/react-dom/cjs/react-dom-server.browser.production.min.js:74:209)
    at Z (/Users/kirandevihosur/Finance_Frontend/apps/web/node_modules/react-dom/cjs/react-dom-server.browser.production.min.js:76:89)
    at Zc (/Users/kirandevihosur/Finance_Frontend/apps/web/node_modules/react-dom/cjs/react-dom-server.browser.production.min.js:74:209)
   Generating static pages (1/5) 
TypeError: Cannot read properties of null (reading 'useContext')
    at exports.useContext (/Users/kirandevihosur/Finance_Frontend/node_modules/react/cjs/react.production.js:488:33)
    at StyleRegistry (/Users/kirandevihosur/Finance_Frontend/node_modules/styled-jsx/dist/index/index.js:450:30)
    at Wc (/Users/kirandevihosur/Finance_Frontend/apps/web/node_modules/react-dom/cjs/react-dom-server.browser.production.min.js:68:44)
    at Zc (/Users/kirandevihosur/Finance_Frontend/apps/web/node_modules/react-dom/cjs/react-dom-server.browser.production.min.js:70:253)
    at Z (/Users/kirandevihosur/Finance_Frontend/apps/web/node_modules/react-dom/cjs/react-dom-server.browser.production.min.js:76:89)
    at Zc (/Users/kirandevihosur/Finance_Frontend/apps/web/node_modules/react-dom/cjs/react-dom-server.browser.production.min.js:74:209)
    at Z (/Users/kirandevihosur/Finance_Frontend/apps/web/node_modules/react-dom/cjs/react-dom-server.browser.production.min.js:76:89)
    at Zc (/Users/kirandevihosur/Finance_Frontend/apps/web/node_modules/react-dom/cjs/react-dom-server.browser.production.min.js:74:209)
    at Z (/Users/kirandevihosur/Finance_Frontend/apps/web/node_modules/react-dom/cjs/react-dom-server.browser.production.min.js:76:89)
    at Zc (/Users/kirandevihosur/Finance_Frontend/apps/web/node_modules/react-dom/cjs/react-dom-server.browser.production.min.js:74:209)

Error occurred prerendering page "/500". Read more: https://nextjs.org/docs/messages/prerender-error

TypeError: Cannot read properties of null (reading 'useContext')
    at exports.useContext (/Users/kirandevihosur/Finance_Frontend/node_modules/react/cjs/react.production.js:488:33)
    at StyleRegistry (/Users/kirandevihosur/Finance_Frontend/node_modules/styled-jsx/dist/index/index.js:450:30)
    at Wc (/Users/kirandevihosur/Finance_Frontend/apps/web/node_modules/react-dom/cjs/react-dom-server.browser.production.min.js:68:44)
    at Zc (/Users/kirandevihosur/Finance_Frontend/apps/web/node_modules/react-dom/cjs/react-dom-server.browser.production.min.js:70:253)
    at Z (/Users/kirandevihosur/Finance_Frontend/apps/web/node_modules/react-dom/cjs/react-dom-server.browser.production.min.js:76:89)
    at Zc (/Users/kirandevihosur/Finance_Frontend/apps/web/node_modules/react-dom/cjs/react-dom-server.browser.production.min.js:74:209)
    at Z (/Users/kirandevihosur/Finance_Frontend/apps/web/node_modules/react-dom/cjs/react-dom-server.browser.production.min.js:76:89)
    at Zc (/Users/kirandevihosur/Finance_Frontend/apps/web/node_modules/react-dom/cjs/react-dom-server.browser.production.min.js:74:209)
    at Z (/Users/kirandevihosur/Finance_Frontend/apps/web/node_modules/react-dom/cjs/react-dom-server.browser.production.min.js:76:89)
    at Zc (/Users/kirandevihosur/Finance_Frontend/apps/web/node_modules/react-dom/cjs/react-dom-server.browser.production.min.js:74:209)
   Generating static pages (2/5) 
   Generating static pages (3/5) 
 ✓ Generating static pages (5/5)

> Export encountered errors on following paths:
	/_error: /404
	/_error: /500
npm error Lifecycle script `build` failed with error:
npm error code 1
npm error path /Users/kirandevihosur/Finance_Frontend/apps/web
npm error workspace web@0.1.0
npm error location /Users/kirandevihosur/Finance_Frontend/apps/web
npm error command failed
npm error command sh -c next build
